2024-06-09 03:00:09.168 [info] Added views:workbench.panel.markers.view in workbench.panel.markers
2024-06-09 03:00:09.168 [info] Added views:workbench.panel.output in workbench.panel.output
2024-06-09 03:00:09.168 [info] Added views:terminal in terminal
2024-06-09 03:00:09.168 [info] Added views:outline in workbench.view.explorer
2024-06-09 03:00:09.168 [info] Added views:workbench.scm in workbench.view.scm
2024-06-09 03:00:09.168 [info] Added views:workbench.view.search in workbench.view.search
2024-06-09 03:00:09.168 [info] Added views:timeline in workbench.view.explorer
2024-06-09 03:00:09.168 [info] Added views:workbench.explorer.emptyView in workbench.view.explorer
2024-06-09 03:00:09.544 [info] Added views:workbench.debug.variablesView,workbench.debug.watchExpressionsView,workbench.debug.callStackView,workbench.debug.breakPointsView in workbench.view.debug
2024-06-09 03:00:09.687 [info] Added views:workbench.panel.repl.view in workbench.panel.repl
2024-06-09 03:00:09.689 [info] Removed views:workbench.debug.breakPointsView,workbench.debug.callStackView,workbench.debug.watchExpressionsView,workbench.debug.variablesView from workbench.view.debug
2024-06-09 03:00:09.690 [info] Added views:workbench.debug.welcome in workbench.view.debug
2024-06-09 03:00:09.761 [info] Added views:~remote.forwardedPorts in ~remote.forwardedPortsContainer
2024-06-09 03:00:28.147 [info] Added views:workbench.views.extensions.installed,workbench.views.extensions.popular,extensions.recommendedList in workbench.view.extensions
2024-06-09 03:00:28.149 [info] Removed views:workbench.views.extensions.popular from workbench.view.extensions
2024-06-09 03:00:35.329 [info] Removed views:extensions.recommendedList,workbench.views.extensions.installed from workbench.view.extensions
2024-06-09 03:00:35.334 [info] Added views:workbench.views.extensions.marketplace in workbench.view.extensions
2024-06-09 03:00:52.527 [info] Removed views:workbench.views.extensions.marketplace from workbench.view.extensions
2024-06-09 03:00:52.536 [info] Added views:workbench.views.extensions.installed,extensions.recommendedList in workbench.view.extensions
2024-06-09 03:00:54.585 [info] Removed views:extensions.recommendedList,workbench.views.extensions.installed from workbench.view.extensions
2024-06-09 03:00:54.591 [info] Added views:workbench.views.extensions.marketplace in workbench.view.extensions
2024-06-09 03:01:10.481 [info] Removed views:workbench.views.extensions.marketplace from workbench.view.extensions
2024-06-09 03:01:10.491 [info] Added views:workbench.views.extensions.installed,extensions.recommendedList in workbench.view.extensions
2024-06-09 03:01:13.880 [info] Removed views:extensions.recommendedList,workbench.views.extensions.installed from workbench.view.extensions
2024-06-09 03:01:13.886 [info] Added views:workbench.views.extensions.marketplace in workbench.view.extensions
2024-06-09 03:01:25.026 [info] Removed views:workbench.views.extensions.marketplace from workbench.view.extensions
2024-06-09 03:01:25.068 [info] Added views:workbench.views.extensions.installed,extensions.recommendedList in workbench.view.extensions
2024-06-09 03:01:27.790 [info] Removed views:extensions.recommendedList,workbench.views.extensions.installed from workbench.view.extensions
2024-06-09 03:01:27.794 [info] Added views:workbench.views.extensions.marketplace in workbench.view.extensions
2024-06-09 03:01:33.303 [info] Removed views:workbench.views.extensions.marketplace from workbench.view.extensions
2024-06-09 03:01:33.310 [info] Added views:workbench.views.extensions.installed,extensions.recommendedList in workbench.view.extensions
